<?xml version="1.0" encoding="UTF-8"?>
<testsuite xmlns:xsi="http://www.w3.org/2001/XMLSchema-instance" xsi:noNamespaceSchemaLocation="https://maven.apache.org/surefire/maven-surefire-plugin/xsd/surefire-test-report-3.0.xsd" version="3.0" name="TestSuite" time="619.354" tests="7" errors="0" skipped="0" failures="2">
  <properties>
    <property name="java.specification.version" value="21"/>
    <property name="webdriver.chrome.driver" value="/Users/siddhantshrivastav/.cache/selenium/chromedriver/mac-arm64/139.0.7258.154/chromedriver"/>
    <property name="sun.jnu.encoding" value="UTF-8"/>
    <property name="sun.awt.enableExtraMouseButtons" value="true"/>
    <property name="java.class.path" value="/Users/siddhantshrivastav/Desktop/Capstone_Project/BDD/target/test-classes:/Users/siddhantshrivastav/Desktop/Capstone_Project/BDD/target/classes:/Users/siddhantshrivastav/.m2/repository/org/testng/testng/7.8.0/testng-7.8.0.jar:/Users/siddhantshrivastav/.m2/repository/org/slf4j/slf4j-api/1.7.36/slf4j-api-1.7.36.jar:/Users/siddhantshrivastav/.m2/repository/com/beust/jcommander/1.82/jcommander-1.82.jar:/Users/siddhantshrivastav/.m2/repository/org/webjars/jquery/3.6.1/jquery-3.6.1.jar:/Users/siddhantshrivastav/.m2/repository/io/github/bonigarcia/webdrivermanager/6.0.1/webdrivermanager-6.0.1.jar:/Users/siddhantshrivastav/.m2/repository/com/google/code/gson/gson/2.12.1/gson-2.12.1.jar:/Users/siddhantshrivastav/.m2/repository/com/google/errorprone/error_prone_annotations/2.36.0/error_prone_annotations-2.36.0.jar:/Users/siddhantshrivastav/.m2/repository/com/github/docker-java/docker-java/3.5.0/docker-java-3.5.0.jar:/Users/siddhantshrivastav/.m2/repository/com/github/docker-java/docker-java-core/3.5.0/docker-java-core-3.5.0.jar:/Users/siddhantshrivastav/.m2/repository/com/github/docker-java/docker-java-api/3.5.0/docker-java-api-3.5.0.jar:/Users/siddhantshrivastav/.m2/repository/com/fasterxml/jackson/core/jackson-annotations/2.18.3/jackson-annotations-2.18.3.jar:/Users/siddhantshrivastav/.m2/repository/com/fasterxml/jackson/core/jackson-databind/2.18.3/jackson-databind-2.18.3.jar:/Users/siddhantshrivastav/.m2/repository/com/fasterxml/jackson/core/jackson-core/2.18.3/jackson-core-2.18.3.jar:/Users/siddhantshrivastav/.m2/repository/org/slf4j/jcl-over-slf4j/1.7.30/jcl-over-slf4j-1.7.30.jar:/Users/siddhantshrivastav/.m2/repository/com/github/docker-java/docker-java-transport-httpclient5/3.5.0/docker-java-transport-httpclient5-3.5.0.jar:/Users/siddhantshrivastav/.m2/repository/com/github/docker-java/docker-java-transport/3.5.0/docker-java-transport-3.5.0.jar:/Users/siddhantshrivastav/.m2/repository/org/brotli/dec/0.1.2/dec-0.1.2.jar:/Users/siddhantshrivastav/.m2/repository/org/apache/commons/commons-lang3/3.17.0/commons-lang3-3.17.0.jar:/Users/siddhantshrivastav/.m2/repository/org/apache/commons/commons-compress/1.27.1/commons-compress-1.27.1.jar:/Users/siddhantshrivastav/.m2/repository/commons-codec/commons-codec/1.17.1/commons-codec-1.17.1.jar:/Users/siddhantshrivastav/.m2/repository/commons-io/commons-io/2.16.1/commons-io-2.16.1.jar:/Users/siddhantshrivastav/.m2/repository/org/apache/httpcomponents/client5/httpclient5/5.4.3/httpclient5-5.4.3.jar:/Users/siddhantshrivastav/.m2/repository/org/apache/httpcomponents/core5/httpcore5/5.3.4/httpcore5-5.3.4.jar:/Users/siddhantshrivastav/.m2/repository/org/apache/httpcomponents/core5/httpcore5-h2/5.3.4/httpcore5-h2-5.3.4.jar:/Users/siddhantshrivastav/.m2/repository/org/seleniumhq/selenium/selenium-java/4.31.0/selenium-java-4.31.0.jar:/Users/siddhantshrivastav/.m2/repository/org/seleniumhq/selenium/selenium-api/4.31.0/selenium-api-4.31.0.jar:/Users/siddhantshrivastav/.m2/repository/org/jspecify/jspecify/1.0.0/jspecify-1.0.0.jar:/Users/siddhantshrivastav/.m2/repository/org/seleniumhq/selenium/selenium-chrome-driver/4.31.0/selenium-chrome-driver-4.31.0.jar:/Users/siddhantshrivastav/.m2/repository/com/google/auto/service/auto-service-annotations/1.1.1/auto-service-annotations-1.1.1.jar:/Users/siddhantshrivastav/.m2/repository/org/seleniumhq/selenium/selenium-chromium-driver/4.31.0/selenium-chromium-driver-4.31.0.jar:/Users/siddhantshrivastav/.m2/repository/org/seleniumhq/selenium/selenium-json/4.31.0/selenium-json-4.31.0.jar:/Users/siddhantshrivastav/.m2/repository/org/seleniumhq/selenium/selenium-manager/4.31.0/selenium-manager-4.31.0.jar:/Users/siddhantshrivastav/.m2/repository/org/seleniumhq/selenium/selenium-devtools-v133/4.31.0/selenium-devtools-v133-4.31.0.jar:/Users/siddhantshrivastav/.m2/repository/org/seleniumhq/selenium/selenium-devtools-v134/4.31.0/selenium-devtools-v134-4.31.0.jar:/Users/siddhantshrivastav/.m2/repository/org/seleniumhq/selenium/selenium-devtools-v135/4.31.0/selenium-devtools-v135-4.31.0.jar:/Users/siddhantshrivastav/.m2/repository/org/seleniumhq/selenium/selenium-edge-driver/4.31.0/selenium-edge-driver-4.31.0.jar:/Users/siddhantshrivastav/.m2/repository/org/seleniumhq/selenium/selenium-firefox-driver/4.31.0/selenium-firefox-driver-4.31.0.jar:/Users/siddhantshrivastav/.m2/repository/org/seleniumhq/selenium/selenium-http/4.31.0/selenium-http-4.31.0.jar:/Users/siddhantshrivastav/.m2/repository/org/seleniumhq/selenium/selenium-ie-driver/4.31.0/selenium-ie-driver-4.31.0.jar:/Users/siddhantshrivastav/.m2/repository/org/seleniumhq/selenium/selenium-remote-driver/4.31.0/selenium-remote-driver-4.31.0.jar:/Users/siddhantshrivastav/.m2/repository/com/google/guava/guava/33.4.6-jre/guava-33.4.6-jre.jar:/Users/siddhantshrivastav/.m2/repository/com/google/guava/failureaccess/1.0.3/failureaccess-1.0.3.jar:/Users/siddhantshrivastav/.m2/repository/com/google/guava/listenablefuture/9999.0-empty-to-avoid-conflict-with-guava/listenablefuture-9999.0-empty-to-avoid-conflict-with-guava.jar:/Users/siddhantshrivastav/.m2/repository/com/google/j2objc/j2objc-annotations/3.0.0/j2objc-annotations-3.0.0.jar:/Users/siddhantshrivastav/.m2/repository/io/opentelemetry/opentelemetry-api/1.48.0/opentelemetry-api-1.48.0.jar:/Users/siddhantshrivastav/.m2/repository/io/opentelemetry/opentelemetry-context/1.48.0/opentelemetry-context-1.48.0.jar:/Users/siddhantshrivastav/.m2/repository/io/opentelemetry/opentelemetry-exporter-logging/1.48.0/opentelemetry-exporter-logging-1.48.0.jar:/Users/siddhantshrivastav/.m2/repository/io/opentelemetry/opentelemetry-sdk-common/1.48.0/opentelemetry-sdk-common-1.48.0.jar:/Users/siddhantshrivastav/.m2/repository/io/opentelemetry/opentelemetry-sdk-extension-autoconfigure-spi/1.48.0/opentelemetry-sdk-extension-autoconfigure-spi-1.48.0.jar:/Users/siddhantshrivastav/.m2/repository/io/opentelemetry/opentelemetry-sdk-extension-autoconfigure/1.48.0/opentelemetry-sdk-extension-autoconfigure-1.48.0.jar:/Users/siddhantshrivastav/.m2/repository/io/opentelemetry/opentelemetry-sdk-trace/1.48.0/opentelemetry-sdk-trace-1.48.0.jar:/Users/siddhantshrivastav/.m2/repository/io/opentelemetry/opentelemetry-sdk/1.48.0/opentelemetry-sdk-1.48.0.jar:/Users/siddhantshrivastav/.m2/repository/io/opentelemetry/opentelemetry-sdk-metrics/1.48.0/opentelemetry-sdk-metrics-1.48.0.jar:/Users/siddhantshrivastav/.m2/repository/io/opentelemetry/opentelemetry-sdk-logs/1.48.0/opentelemetry-sdk-logs-1.48.0.jar:/Users/siddhantshrivastav/.m2/repository/net/bytebuddy/byte-buddy/1.17.5/byte-buddy-1.17.5.jar:/Users/siddhantshrivastav/.m2/repository/org/seleniumhq/selenium/selenium-os/4.31.0/selenium-os-4.31.0.jar:/Users/siddhantshrivastav/.m2/repository/org/apache/commons/commons-exec/1.4.0/commons-exec-1.4.0.jar:/Users/siddhantshrivastav/.m2/repository/org/seleniumhq/selenium/selenium-safari-driver/4.31.0/selenium-safari-driver-4.31.0.jar:/Users/siddhantshrivastav/.m2/repository/org/seleniumhq/selenium/selenium-support/4.31.0/selenium-support-4.31.0.jar:/Users/siddhantshrivastav/.m2/repository/io/cucumber/cucumber-java/7.20.0/cucumber-java-7.20.0.jar:/Users/siddhantshrivastav/.m2/repository/io/cucumber/cucumber-core/7.20.0/cucumber-core-7.20.0.jar:/Users/siddhantshrivastav/.m2/repository/io/cucumber/cucumber-gherkin/7.20.0/cucumber-gherkin-7.20.0.jar:/Users/siddhantshrivastav/.m2/repository/io/cucumber/cucumber-gherkin-messages/7.20.0/cucumber-gherkin-messages-7.20.0.jar:/Users/siddhantshrivastav/.m2/repository/io/cucumber/gherkin/28.0.0/gherkin-28.0.0.jar:/Users/siddhantshrivastav/.m2/repository/io/cucumber/messages/24.1.0/messages-24.1.0.jar:/Users/siddhantshrivastav/.m2/repository/io/cucumber/testng-xml-formatter/0.2.0/testng-xml-formatter-0.2.0.jar:/Users/siddhantshrivastav/.m2/repository/io/cucumber/query/12.2.0/query-12.2.0.jar:/Users/siddhantshrivastav/.m2/repository/io/cucumber/tag-expressions/6.1.0/tag-expressions-6.1.0.jar:/Users/siddhantshrivastav/.m2/repository/io/cucumber/cucumber-expressions/17.1.0/cucumber-expressions-17.1.0.jar:/Users/siddhantshrivastav/.m2/repository/io/cucumber/datatable/7.20.0/datatable-7.20.0.jar:/Users/siddhantshrivastav/.m2/repository/io/cucumber/cucumber-plugin/7.20.0/cucumber-plugin-7.20.0.jar:/Users/siddhantshrivastav/.m2/repository/io/cucumber/docstring/7.20.0/docstring-7.20.0.jar:/Users/siddhantshrivastav/.m2/repository/io/cucumber/html-formatter/21.7.0/html-formatter-21.7.0.jar:/Users/siddhantshrivastav/.m2/repository/io/cucumber/junit-xml-formatter/0.5.0/junit-xml-formatter-0.5.0.jar:/Users/siddhantshrivastav/.m2/repository/io/cucumber/ci-environment/10.0.1/ci-environment-10.0.1.jar:/Users/siddhantshrivastav/.m2/repository/org/apiguardian/apiguardian-api/1.1.2/apiguardian-api-1.1.2.jar:/Users/siddhantshrivastav/.m2/repository/io/cucumber/cucumber-testng/7.20.0/cucumber-testng-7.20.0.jar:/Users/siddhantshrivastav/.m2/repository/io/cucumber/cucumber-junit/7.20.0/cucumber-junit-7.20.0.jar:/Users/siddhantshrivastav/.m2/repository/junit/junit/4.13.2/junit-4.13.2.jar:/Users/siddhantshrivastav/.m2/repository/org/hamcrest/hamcrest-core/1.3/hamcrest-core-1.3.jar:/Users/siddhantshrivastav/.m2/repository/tech/grasshopper/extentreports-cucumber7-adapter/1.14.0/extentreports-cucumber7-adapter-1.14.0.jar:/Users/siddhantshrivastav/.m2/repository/com/aventstack/extentreports/5.1.0/extentreports-5.1.0.jar:/Users/siddhantshrivastav/.m2/repository/io/reactivex/rxjava3/rxjava/3.1.6/rxjava-3.1.6.jar:/Users/siddhantshrivastav/.m2/repository/org/reactivestreams/reactive-streams/1.0.4/reactive-streams-1.0.4.jar:/Users/siddhantshrivastav/.m2/repository/org/freemarker/freemarker/2.3.32/freemarker-2.3.32.jar:/Users/siddhantshrivastav/.m2/repository/org/projectlombok/lombok/1.18.26/lombok-1.18.26.jar:/Users/siddhantshrivastav/.m2/repository/tech/grasshopper/extent-pdf-report/2.12.0/extent-pdf-report-2.12.0.jar:/Users/siddhantshrivastav/.m2/repository/tech/grasshopper/cucumber-pdf-report/2.14.0/cucumber-pdf-report-2.14.0.jar:/Users/siddhantshrivastav/.m2/repository/org/apache/pdfbox/pdfbox/2.0.26/pdfbox-2.0.26.jar:/Users/siddhantshrivastav/.m2/repository/org/apache/pdfbox/fontbox/2.0.26/fontbox-2.0.26.jar:/Users/siddhantshrivastav/.m2/repository/org/knowm/xchart/xchart/3.8.0/xchart-3.8.0.jar:/Users/siddhantshrivastav/.m2/repository/de/erichseifert/vectorgraphics2d/VectorGraphics2D/0.13/VectorGraphics2D-0.13.jar:/Users/siddhantshrivastav/.m2/repository/de/rototor/pdfbox/graphics2d/0.30/graphics2d-0.30.jar:/Users/siddhantshrivastav/.m2/repository/com/madgag/animated-gif-lib/1.4/animated-gif-lib-1.4.jar:/Users/siddhantshrivastav/.m2/repository/org/yaml/snakeyaml/2.0/snakeyaml-2.0.jar:/Users/siddhantshrivastav/.m2/repository/tech/grasshopper/table-layout/1.5.1/table-layout-1.5.1.jar:/Users/siddhantshrivastav/.m2/repository/tech/grasshopper/rest-assured-cucumber-pdf-report/1.5.0/rest-assured-cucumber-pdf-report-1.5.0.jar:/Users/siddhantshrivastav/.m2/repository/org/jsoup/jsoup/1.15.3/jsoup-1.15.3.jar:/Users/siddhantshrivastav/.m2/repository/com/aventstack/klov-reporter/5.1.0/klov-reporter-5.1.0.jar:/Users/siddhantshrivastav/.m2/repository/org/mongodb/mongodb-driver/3.6.4/mongodb-driver-3.6.4.jar:/Users/siddhantshrivastav/.m2/repository/org/mongodb/mongodb-driver-core/3.6.4/mongodb-driver-core-3.6.4.jar:/Users/siddhantshrivastav/.m2/repository/org/mongodb/bson/3.6.4/bson-3.6.4.jar:/Users/siddhantshrivastav/.m2/repository/org/apache/httpcomponents/httpclient/4.5.13/httpclient-4.5.13.jar:/Users/siddhantshrivastav/.m2/repository/org/apache/httpcomponents/httpcore/4.4.13/httpcore-4.4.13.jar:/Users/siddhantshrivastav/.m2/repository/commons-logging/commons-logging/1.2/commons-logging-1.2.jar:/Users/siddhantshrivastav/.m2/repository/org/apache/httpcomponents/httpmime/4.5.13/httpmime-4.5.13.jar:/Users/siddhantshrivastav/.m2/repository/tech/grasshopper/htmlextentreporter/1.1.0/htmlextentreporter-1.1.0.jar:/Users/siddhantshrivastav/.m2/repository/tech/grasshopper/extent-excel-report/1.4.0/extent-excel-report-1.4.0.jar:/Users/siddhantshrivastav/.m2/repository/org/apache/poi/poi/5.2.3/poi-5.2.3.jar:/Users/siddhantshrivastav/.m2/repository/org/apache/commons/commons-collections4/4.4/commons-collections4-4.4.jar:/Users/siddhantshrivastav/.m2/repository/org/apache/commons/commons-math3/3.6.1/commons-math3-3.6.1.jar:/Users/siddhantshrivastav/.m2/repository/com/zaxxer/SparseBitSet/1.2/SparseBitSet-1.2.jar:/Users/siddhantshrivastav/.m2/repository/org/apache/logging/log4j/log4j-api/2.18.0/log4j-api-2.18.0.jar:/Users/siddhantshrivastav/.m2/repository/org/apache/poi/poi-ooxml/5.2.3/poi-ooxml-5.2.3.jar:/Users/siddhantshrivastav/.m2/repository/org/apache/poi/poi-ooxml-lite/5.2.3/poi-ooxml-lite-5.2.3.jar:/Users/siddhantshrivastav/.m2/repository/org/apache/xmlbeans/xmlbeans/5.1.1/xmlbeans-5.1.1.jar:/Users/siddhantshrivastav/.m2/repository/com/github/virtuald/curvesapi/1.07/curvesapi-1.07.jar:/Users/siddhantshrivastav/.m2/repository/net/java/dev/jna/jna/5.13.0/jna-5.13.0.jar:/Users/siddhantshrivastav/.m2/repository/net/java/dev/jna/jna-platform/5.13.0/jna-platform-5.13.0.jar:"/>
    <property name="java.vm.vendor" value="Amazon.com Inc."/>
    <property name="sun.arch.data.model" value="64"/>
    <property name="java.vendor.url" value="https://aws.amazon.com/corretto/"/>
    <property name="user.timezone" value="Asia/Kolkata"/>
    <property name="os.name" value="Mac OS X"/>
    <property name="java.vm.specification.version" value="21"/>
    <property name="sun.java.launcher" value="SUN_STANDARD"/>
    <property name="user.country" value="IN"/>
    <property name="sun.boot.library.path" value="/Users/siddhantshrivastav/Library/Java/JavaVirtualMachines/corretto-21.0.6/Contents/Home/lib"/>
    <property name="sun.java.command" value="/Users/siddhantshrivastav/Desktop/Capstone_Project/BDD/target/surefire/surefirebooter-20250908035155632_3.jar /Users/siddhantshrivastav/Desktop/Capstone_Project/BDD/target/surefire 2025-09-08T03-51-55_542-jvmRun1 surefire-20250908035155632_1tmp surefire_0-20250908035155632_2tmp"/>
    <property name="http.nonProxyHosts" value="local|*.local|169.254/16|*.169.254/16"/>
    <property name="jdk.debug" value="release"/>
    <property name="surefire.test.class.path" value="/Users/siddhantshrivastav/Desktop/Capstone_Project/BDD/target/test-classes:/Users/siddhantshrivastav/Desktop/Capstone_Project/BDD/target/classes:/Users/siddhantshrivastav/.m2/repository/org/testng/testng/7.8.0/testng-7.8.0.jar:/Users/siddhantshrivastav/.m2/repository/org/slf4j/slf4j-api/1.7.36/slf4j-api-1.7.36.jar:/Users/siddhantshrivastav/.m2/repository/com/beust/jcommander/1.82/jcommander-1.82.jar:/Users/siddhantshrivastav/.m2/repository/org/webjars/jquery/3.6.1/jquery-3.6.1.jar:/Users/siddhantshrivastav/.m2/repository/io/github/bonigarcia/webdrivermanager/6.0.1/webdrivermanager-6.0.1.jar:/Users/siddhantshrivastav/.m2/repository/com/google/code/gson/gson/2.12.1/gson-2.12.1.jar:/Users/siddhantshrivastav/.m2/repository/com/google/errorprone/error_prone_annotations/2.36.0/error_prone_annotations-2.36.0.jar:/Users/siddhantshrivastav/.m2/repository/com/github/docker-java/docker-java/3.5.0/docker-java-3.5.0.jar:/Users/siddhantshrivastav/.m2/repository/com/github/docker-java/docker-java-core/3.5.0/docker-java-core-3.5.0.jar:/Users/siddhantshrivastav/.m2/repository/com/github/docker-java/docker-java-api/3.5.0/docker-java-api-3.5.0.jar:/Users/siddhantshrivastav/.m2/repository/com/fasterxml/jackson/core/jackson-annotations/2.18.3/jackson-annotations-2.18.3.jar:/Users/siddhantshrivastav/.m2/repository/com/fasterxml/jackson/core/jackson-databind/2.18.3/jackson-databind-2.18.3.jar:/Users/siddhantshrivastav/.m2/repository/com/fasterxml/jackson/core/jackson-core/2.18.3/jackson-core-2.18.3.jar:/Users/siddhantshrivastav/.m2/repository/org/slf4j/jcl-over-slf4j/1.7.30/jcl-over-slf4j-1.7.30.jar:/Users/siddhantshrivastav/.m2/repository/com/github/docker-java/docker-java-transport-httpclient5/3.5.0/docker-java-transport-httpclient5-3.5.0.jar:/Users/siddhantshrivastav/.m2/repository/com/github/docker-java/docker-java-transport/3.5.0/docker-java-transport-3.5.0.jar:/Users/siddhantshrivastav/.m2/repository/org/brotli/dec/0.1.2/dec-0.1.2.jar:/Users/siddhantshrivastav/.m2/repository/org/apache/commons/commons-lang3/3.17.0/commons-lang3-3.17.0.jar:/Users/siddhantshrivastav/.m2/repository/org/apache/commons/commons-compress/1.27.1/commons-compress-1.27.1.jar:/Users/siddhantshrivastav/.m2/repository/commons-codec/commons-codec/1.17.1/commons-codec-1.17.1.jar:/Users/siddhantshrivastav/.m2/repository/commons-io/commons-io/2.16.1/commons-io-2.16.1.jar:/Users/siddhantshrivastav/.m2/repository/org/apache/httpcomponents/client5/httpclient5/5.4.3/httpclient5-5.4.3.jar:/Users/siddhantshrivastav/.m2/repository/org/apache/httpcomponents/core5/httpcore5/5.3.4/httpcore5-5.3.4.jar:/Users/siddhantshrivastav/.m2/repository/org/apache/httpcomponents/core5/httpcore5-h2/5.3.4/httpcore5-h2-5.3.4.jar:/Users/siddhantshrivastav/.m2/repository/org/seleniumhq/selenium/selenium-java/4.31.0/selenium-java-4.31.0.jar:/Users/siddhantshrivastav/.m2/repository/org/seleniumhq/selenium/selenium-api/4.31.0/selenium-api-4.31.0.jar:/Users/siddhantshrivastav/.m2/repository/org/jspecify/jspecify/1.0.0/jspecify-1.0.0.jar:/Users/siddhantshrivastav/.m2/repository/org/seleniumhq/selenium/selenium-chrome-driver/4.31.0/selenium-chrome-driver-4.31.0.jar:/Users/siddhantshrivastav/.m2/repository/com/google/auto/service/auto-service-annotations/1.1.1/auto-service-annotations-1.1.1.jar:/Users/siddhantshrivastav/.m2/repository/org/seleniumhq/selenium/selenium-chromium-driver/4.31.0/selenium-chromium-driver-4.31.0.jar:/Users/siddhantshrivastav/.m2/repository/org/seleniumhq/selenium/selenium-json/4.31.0/selenium-json-4.31.0.jar:/Users/siddhantshrivastav/.m2/repository/org/seleniumhq/selenium/selenium-manager/4.31.0/selenium-manager-4.31.0.jar:/Users/siddhantshrivastav/.m2/repository/org/seleniumhq/selenium/selenium-devtools-v133/4.31.0/selenium-devtools-v133-4.31.0.jar:/Users/siddhantshrivastav/.m2/repository/org/seleniumhq/selenium/selenium-devtools-v134/4.31.0/selenium-devtools-v134-4.31.0.jar:/Users/siddhantshrivastav/.m2/repository/org/seleniumhq/selenium/selenium-devtools-v135/4.31.0/selenium-devtools-v135-4.31.0.jar:/Users/siddhantshrivastav/.m2/repository/org/seleniumhq/selenium/selenium-edge-driver/4.31.0/selenium-edge-driver-4.31.0.jar:/Users/siddhantshrivastav/.m2/repository/org/seleniumhq/selenium/selenium-firefox-driver/4.31.0/selenium-firefox-driver-4.31.0.jar:/Users/siddhantshrivastav/.m2/repository/org/seleniumhq/selenium/selenium-http/4.31.0/selenium-http-4.31.0.jar:/Users/siddhantshrivastav/.m2/repository/org/seleniumhq/selenium/selenium-ie-driver/4.31.0/selenium-ie-driver-4.31.0.jar:/Users/siddhantshrivastav/.m2/repository/org/seleniumhq/selenium/selenium-remote-driver/4.31.0/selenium-remote-driver-4.31.0.jar:/Users/siddhantshrivastav/.m2/repository/com/google/guava/guava/33.4.6-jre/guava-33.4.6-jre.jar:/Users/siddhantshrivastav/.m2/repository/com/google/guava/failureaccess/1.0.3/failureaccess-1.0.3.jar:/Users/siddhantshrivastav/.m2/repository/com/google/guava/listenablefuture/9999.0-empty-to-avoid-conflict-with-guava/listenablefuture-9999.0-empty-to-avoid-conflict-with-guava.jar:/Users/siddhantshrivastav/.m2/repository/com/google/j2objc/j2objc-annotations/3.0.0/j2objc-annotations-3.0.0.jar:/Users/siddhantshrivastav/.m2/repository/io/opentelemetry/opentelemetry-api/1.48.0/opentelemetry-api-1.48.0.jar:/Users/siddhantshrivastav/.m2/repository/io/opentelemetry/opentelemetry-context/1.48.0/opentelemetry-context-1.48.0.jar:/Users/siddhantshrivastav/.m2/repository/io/opentelemetry/opentelemetry-exporter-logging/1.48.0/opentelemetry-exporter-logging-1.48.0.jar:/Users/siddhantshrivastav/.m2/repository/io/opentelemetry/opentelemetry-sdk-common/1.48.0/opentelemetry-sdk-common-1.48.0.jar:/Users/siddhantshrivastav/.m2/repository/io/opentelemetry/opentelemetry-sdk-extension-autoconfigure-spi/1.48.0/opentelemetry-sdk-extension-autoconfigure-spi-1.48.0.jar:/Users/siddhantshrivastav/.m2/repository/io/opentelemetry/opentelemetry-sdk-extension-autoconfigure/1.48.0/opentelemetry-sdk-extension-autoconfigure-1.48.0.jar:/Users/siddhantshrivastav/.m2/repository/io/opentelemetry/opentelemetry-sdk-trace/1.48.0/opentelemetry-sdk-trace-1.48.0.jar:/Users/siddhantshrivastav/.m2/repository/io/opentelemetry/opentelemetry-sdk/1.48.0/opentelemetry-sdk-1.48.0.jar:/Users/siddhantshrivastav/.m2/repository/io/opentelemetry/opentelemetry-sdk-metrics/1.48.0/opentelemetry-sdk-metrics-1.48.0.jar:/Users/siddhantshrivastav/.m2/repository/io/opentelemetry/opentelemetry-sdk-logs/1.48.0/opentelemetry-sdk-logs-1.48.0.jar:/Users/siddhantshrivastav/.m2/repository/net/bytebuddy/byte-buddy/1.17.5/byte-buddy-1.17.5.jar:/Users/siddhantshrivastav/.m2/repository/org/seleniumhq/selenium/selenium-os/4.31.0/selenium-os-4.31.0.jar:/Users/siddhantshrivastav/.m2/repository/org/apache/commons/commons-exec/1.4.0/commons-exec-1.4.0.jar:/Users/siddhantshrivastav/.m2/repository/org/seleniumhq/selenium/selenium-safari-driver/4.31.0/selenium-safari-driver-4.31.0.jar:/Users/siddhantshrivastav/.m2/repository/org/seleniumhq/selenium/selenium-support/4.31.0/selenium-support-4.31.0.jar:/Users/siddhantshrivastav/.m2/repository/io/cucumber/cucumber-java/7.20.0/cucumber-java-7.20.0.jar:/Users/siddhantshrivastav/.m2/repository/io/cucumber/cucumber-core/7.20.0/cucumber-core-7.20.0.jar:/Users/siddhantshrivastav/.m2/repository/io/cucumber/cucumber-gherkin/7.20.0/cucumber-gherkin-7.20.0.jar:/Users/siddhantshrivastav/.m2/repository/io/cucumber/cucumber-gherkin-messages/7.20.0/cucumber-gherkin-messages-7.20.0.jar:/Users/siddhantshrivastav/.m2/repository/io/cucumber/gherkin/28.0.0/gherkin-28.0.0.jar:/Users/siddhantshrivastav/.m2/repository/io/cucumber/messages/24.1.0/messages-24.1.0.jar:/Users/siddhantshrivastav/.m2/repository/io/cucumber/testng-xml-formatter/0.2.0/testng-xml-formatter-0.2.0.jar:/Users/siddhantshrivastav/.m2/repository/io/cucumber/query/12.2.0/query-12.2.0.jar:/Users/siddhantshrivastav/.m2/repository/io/cucumber/tag-expressions/6.1.0/tag-expressions-6.1.0.jar:/Users/siddhantshrivastav/.m2/repository/io/cucumber/cucumber-expressions/17.1.0/cucumber-expressions-17.1.0.jar:/Users/siddhantshrivastav/.m2/repository/io/cucumber/datatable/7.20.0/datatable-7.20.0.jar:/Users/siddhantshrivastav/.m2/repository/io/cucumber/cucumber-plugin/7.20.0/cucumber-plugin-7.20.0.jar:/Users/siddhantshrivastav/.m2/repository/io/cucumber/docstring/7.20.0/docstring-7.20.0.jar:/Users/siddhantshrivastav/.m2/repository/io/cucumber/html-formatter/21.7.0/html-formatter-21.7.0.jar:/Users/siddhantshrivastav/.m2/repository/io/cucumber/junit-xml-formatter/0.5.0/junit-xml-formatter-0.5.0.jar:/Users/siddhantshrivastav/.m2/repository/io/cucumber/ci-environment/10.0.1/ci-environment-10.0.1.jar:/Users/siddhantshrivastav/.m2/repository/org/apiguardian/apiguardian-api/1.1.2/apiguardian-api-1.1.2.jar:/Users/siddhantshrivastav/.m2/repository/io/cucumber/cucumber-testng/7.20.0/cucumber-testng-7.20.0.jar:/Users/siddhantshrivastav/.m2/repository/io/cucumber/cucumber-junit/7.20.0/cucumber-junit-7.20.0.jar:/Users/siddhantshrivastav/.m2/repository/junit/junit/4.13.2/junit-4.13.2.jar:/Users/siddhantshrivastav/.m2/repository/org/hamcrest/hamcrest-core/1.3/hamcrest-core-1.3.jar:/Users/siddhantshrivastav/.m2/repository/tech/grasshopper/extentreports-cucumber7-adapter/1.14.0/extentreports-cucumber7-adapter-1.14.0.jar:/Users/siddhantshrivastav/.m2/repository/com/aventstack/extentreports/5.1.0/extentreports-5.1.0.jar:/Users/siddhantshrivastav/.m2/repository/io/reactivex/rxjava3/rxjava/3.1.6/rxjava-3.1.6.jar:/Users/siddhantshrivastav/.m2/repository/org/reactivestreams/reactive-streams/1.0.4/reactive-streams-1.0.4.jar:/Users/siddhantshrivastav/.m2/repository/org/freemarker/freemarker/2.3.32/freemarker-2.3.32.jar:/Users/siddhantshrivastav/.m2/repository/org/projectlombok/lombok/1.18.26/lombok-1.18.26.jar:/Users/siddhantshrivastav/.m2/repository/tech/grasshopper/extent-pdf-report/2.12.0/extent-pdf-report-2.12.0.jar:/Users/siddhantshrivastav/.m2/repository/tech/grasshopper/cucumber-pdf-report/2.14.0/cucumber-pdf-report-2.14.0.jar:/Users/siddhantshrivastav/.m2/repository/org/apache/pdfbox/pdfbox/2.0.26/pdfbox-2.0.26.jar:/Users/siddhantshrivastav/.m2/repository/org/apache/pdfbox/fontbox/2.0.26/fontbox-2.0.26.jar:/Users/siddhantshrivastav/.m2/repository/org/knowm/xchart/xchart/3.8.0/xchart-3.8.0.jar:/Users/siddhantshrivastav/.m2/repository/de/erichseifert/vectorgraphics2d/VectorGraphics2D/0.13/VectorGraphics2D-0.13.jar:/Users/siddhantshrivastav/.m2/repository/de/rototor/pdfbox/graphics2d/0.30/graphics2d-0.30.jar:/Users/siddhantshrivastav/.m2/repository/com/madgag/animated-gif-lib/1.4/animated-gif-lib-1.4.jar:/Users/siddhantshrivastav/.m2/repository/org/yaml/snakeyaml/2.0/snakeyaml-2.0.jar:/Users/siddhantshrivastav/.m2/repository/tech/grasshopper/table-layout/1.5.1/table-layout-1.5.1.jar:/Users/siddhantshrivastav/.m2/repository/tech/grasshopper/rest-assured-cucumber-pdf-report/1.5.0/rest-assured-cucumber-pdf-report-1.5.0.jar:/Users/siddhantshrivastav/.m2/repository/org/jsoup/jsoup/1.15.3/jsoup-1.15.3.jar:/Users/siddhantshrivastav/.m2/repository/com/aventstack/klov-reporter/5.1.0/klov-reporter-5.1.0.jar:/Users/siddhantshrivastav/.m2/repository/org/mongodb/mongodb-driver/3.6.4/mongodb-driver-3.6.4.jar:/Users/siddhantshrivastav/.m2/repository/org/mongodb/mongodb-driver-core/3.6.4/mongodb-driver-core-3.6.4.jar:/Users/siddhantshrivastav/.m2/repository/org/mongodb/bson/3.6.4/bson-3.6.4.jar:/Users/siddhantshrivastav/.m2/repository/org/apache/httpcomponents/httpclient/4.5.13/httpclient-4.5.13.jar:/Users/siddhantshrivastav/.m2/repository/org/apache/httpcomponents/httpcore/4.4.13/httpcore-4.4.13.jar:/Users/siddhantshrivastav/.m2/repository/commons-logging/commons-logging/1.2/commons-logging-1.2.jar:/Users/siddhantshrivastav/.m2/repository/org/apache/httpcomponents/httpmime/4.5.13/httpmime-4.5.13.jar:/Users/siddhantshrivastav/.m2/repository/tech/grasshopper/htmlextentreporter/1.1.0/htmlextentreporter-1.1.0.jar:/Users/siddhantshrivastav/.m2/repository/tech/grasshopper/extent-excel-report/1.4.0/extent-excel-report-1.4.0.jar:/Users/siddhantshrivastav/.m2/repository/org/apache/poi/poi/5.2.3/poi-5.2.3.jar:/Users/siddhantshrivastav/.m2/repository/org/apache/commons/commons-collections4/4.4/commons-collections4-4.4.jar:/Users/siddhantshrivastav/.m2/repository/org/apache/commons/commons-math3/3.6.1/commons-math3-3.6.1.jar:/Users/siddhantshrivastav/.m2/repository/com/zaxxer/SparseBitSet/1.2/SparseBitSet-1.2.jar:/Users/siddhantshrivastav/.m2/repository/org/apache/logging/log4j/log4j-api/2.18.0/log4j-api-2.18.0.jar:/Users/siddhantshrivastav/.m2/repository/org/apache/poi/poi-ooxml/5.2.3/poi-ooxml-5.2.3.jar:/Users/siddhantshrivastav/.m2/repository/org/apache/poi/poi-ooxml-lite/5.2.3/poi-ooxml-lite-5.2.3.jar:/Users/siddhantshrivastav/.m2/repository/org/apache/xmlbeans/xmlbeans/5.1.1/xmlbeans-5.1.1.jar:/Users/siddhantshrivastav/.m2/repository/com/github/virtuald/curvesapi/1.07/curvesapi-1.07.jar:/Users/siddhantshrivastav/.m2/repository/net/java/dev/jna/jna/5.13.0/jna-5.13.0.jar:/Users/siddhantshrivastav/.m2/repository/net/java/dev/jna/jna-platform/5.13.0/jna-platform-5.13.0.jar:"/>
    <property name="sun.cpu.endian" value="little"/>
    <property name="user.home" value="/Users/siddhantshrivastav"/>
    <property name="user.language" value="en"/>
    <property name="java.specification.vendor" value="Oracle Corporation"/>
    <property name="java.version.date" value="2025-01-21"/>
    <property name="java.home" value="/Users/siddhantshrivastav/Library/Java/JavaVirtualMachines/corretto-21.0.6/Contents/Home"/>
    <property name="file.separator" value="/"/>
    <property name="basedir" value="/Users/siddhantshrivastav/Desktop/Capstone_Project/BDD"/>
    <property name="style.color" value="always"/>
    <property name="java.vm.compressedOopsMode" value="Zero based"/>
    <property name="line.separator" value="&#10;"/>
    <property name="java.vm.specification.vendor" value="Oracle Corporation"/>
    <property name="java.specification.name" value="Java Platform API Specification"/>
    <property name="apple.awt.application.name" value="ForkedBooter"/>
    <property name="surefire.real.class.path" value="/Users/siddhantshrivastav/Desktop/Capstone_Project/BDD/target/surefire/surefirebooter-20250908035155632_3.jar"/>
    <property name="sun.management.compiler" value="HotSpot 64-Bit Tiered Compilers"/>
    <property name="ftp.nonProxyHosts" value="local|*.local|169.254/16|*.169.254/16"/>
    <property name="java.runtime.version" value="21.0.6+7-LTS"/>
    <property name="user.name" value="siddhantshrivastav"/>
    <property name="stdout.encoding" value="UTF-8"/>
    <property name="path.separator" value=":"/>
    <property name="os.version" value="15.6.1"/>
    <property name="java.runtime.name" value="OpenJDK Runtime Environment"/>
    <property name="file.encoding" value="UTF-8"/>
    <property name="java.vm.name" value="OpenJDK 64-Bit Server VM"/>
    <property name="java.vendor.version" value="Corretto-21.0.6.7.1"/>
    <property name="localRepository" value="/Users/siddhantshrivastav/.m2/repository"/>
    <property name="java.vendor.url.bug" value="https://github.com/corretto/corretto-21/issues/"/>
    <property name="java.io.tmpdir" value="/var/folders/tb/rz5rw1ts4mb6k0f3v24d_z400000gn/T/"/>
    <property name="java.version" value="21.0.6"/>
    <property name="user.dir" value="/Users/siddhantshrivastav/Desktop/Capstone_Project/BDD"/>
    <property name="os.arch" value="aarch64"/>
    <property name="java.vm.specification.name" value="Java Virtual Machine Specification"/>
    <property name="native.encoding" value="UTF-8"/>
    <property name="java.library.path" value="/Users/siddhantshrivastav/Library/Java/Extensions:/Library/Java/Extensions:/Network/Library/Java/Extensions:/System/Library/Java/Extensions:/usr/lib/java:."/>
    <property name="java.vm.info" value="mixed mode, sharing"/>
    <property name="stderr.encoding" value="UTF-8"/>
    <property name="java.vendor" value="Amazon.com Inc."/>
    <property name="java.vm.version" value="21.0.6+7-LTS"/>
    <property name="sun.io.unicode.encoding" value="UnicodeBig"/>
    <property name="socksNonProxyHosts" value="local|*.local|169.254/16|*.169.254/16"/>
    <property name="java.class.version" value="65.0"/>
  </properties>
  <testcase name="runScenario[&quot;Registration attempt with valid credentials&quot;, &quot;Home page and Account flows&quot;](1)" classname="TestRunner.MyTestRunner" time="127.827">
    <system-out><![CDATA[
Scenario Outline: Registration attempt with valid credentials                                                                  &amp#27;[90m# src/test/resources/Features/Capstone_HomePage.feature:18&amp#27;[0m
Browser launched before scenario
  &amp#27;[32mGiven &amp#27;[0m&amp#27;[32mthe site base URL is &amp#27;[0m&amp#27;[32m&amp#27;[1m"https://westfloridaahec.org"&amp#27;[0m                                                                     &amp#27;[90m# StepDefinations.CapstoneHomePageSteps.the_site_base_url_is(java.lang.String)&amp#27;[0m
  &amp#27;[32mGiven &amp#27;[0m&amp#27;[32mthe user navigates to the &amp#27;[0m&amp#27;[32m&amp#27;[1m"My Account"&amp#27;[0m&amp#27;[32m page&amp#27;[0m                                                                            &amp#27;[90m# StepDefinations.CapstoneHomePageSteps.the_user_navigates_to_the_page(java.lang.String)&amp#27;[0m
  &amp#27;[32mWhen &amp#27;[0m&amp#27;[32mthe user fills the registration form with username &amp#27;[0m&amp#27;[32m&amp#27;[1m"siddhant"&amp#27;[0m&amp#27;[32m, email &amp#27;[0m&amp#27;[32m&amp#27;[1m"nietsiddhant@gmail.com"&amp#27;[0m&amp#27;[32m and password &amp#27;[0m&amp#27;[32m&amp#27;[1m"JBLMAC@123"&amp#27;[0m &amp#27;[90m# StepDefinations.CapstoneHomePageSteps.the_user_fills_the_registration_form_with_username_email_and_password(java.lang.String,java.lang.String,java.lang.String)&amp#27;[0m
Register clicked? true
  &amp#27;[32mAnd &amp#27;[0m&amp#27;[32mthe user clicks the Register button&amp#27;[0m                                                                                      &amp#27;[90m# StepDefinations.CapstoneHomePageSteps.the_user_clicks_the_register_button()&amp#27;[0m
Recorded registration credentials -> username: siddhant, email: nietsiddhant@gmail.com
  &amp#27;[32mThen &amp#27;[0m&amp#27;[32mthe registration attempt should be recorded (success or graceful failure allowed)&amp#27;[0m                                       &amp#27;[90m# StepDefinations.CapstoneHomePageSteps.the_registration_attempt_should_be_recorded_success_or_graceful_failure_allowed()&amp#27;[0m
Browser closed after the scenario
]]></system-out>
    <system-err><![CDATA[SLF4J: Failed to load class "org.slf4j.impl.StaticLoggerBinder".
SLF4J: Defaulting to no-operation (NOP) logger implementation
SLF4J: See http://www.slf4j.org/codes.html#StaticLoggerBinder for further details.
Sept 08, 2025 3:52:07 AM org.openqa.selenium.devtools.CdpVersionFinder findNearestMatch
WARNING: Unable to find an exact match for CDP version 139, returning the closest version; found: 135; Please update to a Selenium version that supports CDP version 139
]]></system-err>
  </testcase>
  <testcase name="runScenario[&quot;Login attempt using previously-registered or fallback credentials&quot;, &quot;Home page and Account flows&quot;](2)" classname="TestRunner.MyTestRunner" time="135.937">
    <failure message="A credential (registered email or username) should have been available for the login attempt. expected [true] but found [false]" type="java.lang.AssertionError"><![CDATA[java.lang.AssertionError: A credential (registered email or username) should have been available for the login attempt. expected [true] but found [false]
	at org.testng.Assert.fail(Assert.java:111)
	at org.testng.Assert.failNotEquals(Assert.java:1578)
	at org.testng.Assert.assertTrue(Assert.java:57)
	at StepDefinations.CapstoneHomePageSteps.the_login_attempt_should_be_recorded_logged_in_indicator_or_graceful_failure(CapstoneHomePageSteps.java:103)
	at ✽.the login attempt should be recorded (logged-in indicator or graceful failure)(file:///Users/siddhantshrivastav/Desktop/Capstone_Project/BDD/src/test/resources/Features/Capstone_HomePage.feature:26)
]]></failure>
    <system-out><![CDATA[
Scenario Outline: Login attempt using previously-registered or fallback credentials               &amp#27;[90m# src/test/resources/Features/Capstone_HomePage.feature:30&amp#27;[0m
Browser launched before scenario
  &amp#27;[32mGiven &amp#27;[0m&amp#27;[32mthe site base URL is &amp#27;[0m&amp#27;[32m&amp#27;[1m"https://westfloridaahec.org"&amp#27;[0m                                        &amp#27;[90m# StepDefinations.CapstoneHomePageSteps.the_site_base_url_is(java.lang.String)&amp#27;[0m
  &amp#27;[32mGiven &amp#27;[0m&amp#27;[32mthe user navigates to the &amp#27;[0m&amp#27;[32m&amp#27;[1m"My Account"&amp#27;[0m&amp#27;[32m page&amp#27;[0m                                               &amp#27;[90m# StepDefinations.CapstoneHomePageSteps.the_user_navigates_to_the_page(java.lang.String)&amp#27;[0m
  &amp#27;[32mWhen &amp#27;[0m&amp#27;[32mthe user logs in with username_or_email &amp#27;[0m&amp#27;[32m&amp#27;[1m"nietsiddhant@gmail.com"&amp#27;[0m&amp#27;[32m and password &amp#27;[0m&amp#27;[32m&amp#27;[1m"JBLMAC@123"&amp#27;[0m &amp#27;[90m# StepDefinations.CapstoneHomePageSteps.the_user_logs_in_with_username_or_email_and_password(java.lang.String,java.lang.String)&amp#27;[0m
  &amp#27;[31mThen &amp#27;[0m&amp#27;[31mthe login attempt should be recorded (logged-in indicator or graceful failure)&amp#27;[0m             &amp#27;[90m# StepDefinations.CapstoneHomePageSteps.the_login_attempt_should_be_recorded_logged_in_indicator_or_graceful_failure()&amp#27;[0m
      &amp#27;[31mjava.lang.AssertionError: A credential (registered email or username) should have been available for the login attempt. expected [true] but found [false]
	at org.testng.Assert.fail(Assert.java:111)
	at org.testng.Assert.failNotEquals(Assert.java:1578)
	at org.testng.Assert.assertTrue(Assert.java:57)
	at StepDefinations.CapstoneHomePageSteps.the_login_attempt_should_be_recorded_logged_in_indicator_or_graceful_failure(CapstoneHomePageSteps.java:103)
	at ✽.the login attempt should be recorded (logged-in indicator or graceful failure)(file:///Users/siddhantshrivastav/Desktop/Capstone_Project/BDD/src/test/resources/Features/Capstone_HomePage.feature:26)
&amp#27;[0m

    Embedding Failed Screenshot [image/png 85010 bytes]

Browser closed after the scenario
]]></system-out>
    <system-err><![CDATA[Sept 08, 2025 3:54:13 AM org.openqa.selenium.devtools.CdpVersionFinder findNearestMatch
WARNING: Unable to find an exact match for CDP version 139, returning the closest version; found: 135; Please update to a Selenium version that supports CDP version 139
]]></system-err>
  </testcase>
  <testcase name="runScenario[&quot;Home page basic verification&quot;, &quot;Home page and Account flows&quot;](3)" classname="TestRunner.MyTestRunner" time="61.075">
    <system-out><![CDATA[
@homebasic
Scenario: Home page basic verification                     &amp#27;[90m# src/test/resources/Features/Capstone_HomePage.feature:33&amp#27;[0m
Browser launched before scenario
  &amp#27;[32mGiven &amp#27;[0m&amp#27;[32mthe site base URL is &amp#27;[0m&amp#27;[32m&amp#27;[1m"https://westfloridaahec.org"&amp#27;[0m &amp#27;[90m# StepDefinations.CapstoneHomePageSteps.the_site_base_url_is(java.lang.String)&amp#27;[0m
  &amp#27;[32mGiven &amp#27;[0m&amp#27;[32mthe user is on the Home page&amp#27;[0m                       &amp#27;[90m# StepDefinations.CapstoneHomePageSteps.the_user_is_on_the_home_page()&amp#27;[0m
  &amp#27;[32mThen &amp#27;[0m&amp#27;[32mthe navigation menu should be present&amp#27;[0m               &amp#27;[90m# StepDefinations.CapstoneHomePageSteps.the_navigation_menu_should_be_present()&amp#27;[0m
  &amp#27;[32mAnd &amp#27;[0m&amp#27;[32mthe search input should be present&amp#27;[0m                   &amp#27;[90m# StepDefinations.CapstoneHomePageSteps.the_search_input_should_be_present()&amp#27;[0m
Browser closed after the scenario
]]></system-out>
    <system-err><![CDATA[Sept 08, 2025 3:56:30 AM org.openqa.selenium.devtools.CdpVersionFinder findNearestMatch
WARNING: Unable to find an exact match for CDP version 139, returning the closest version; found: 135; Please update to a Selenium version that supports CDP version 139
]]></system-err>
  </testcase>
  <testcase name="runScenario[&quot;Hovering Programs menu shows sub-links&quot;, &quot;Home page and Account flows&quot;](4)" classname="TestRunner.MyTestRunner" time="89.328">
    <failure message="Tobacco should be visible under Programs expected [true] but found [false]" type="java.lang.AssertionError"><![CDATA[java.lang.AssertionError: Tobacco should be visible under Programs expected [true] but found [false]
	at org.testng.Assert.fail(Assert.java:111)
	at org.testng.Assert.failNotEquals(Assert.java:1578)
	at org.testng.Assert.assertTrue(Assert.java:57)
	at StepDefinations.CapstoneHomePageSteps.the_link_should_be_visible_under_programs(CapstoneHomePageSteps.java:135)
	at ✽.the "Tobacco" link should be visible under Programs(file:///Users/siddhantshrivastav/Desktop/Capstone_Project/BDD/src/test/resources/Features/Capstone_HomePage.feature:42)
]]></failure>
    <system-out><![CDATA[
@hover @navigation
Scenario: Hovering Programs menu shows sub-links           &amp#27;[90m# src/test/resources/Features/Capstone_HomePage.feature:39&amp#27;[0m
Browser launched before scenario
  &amp#27;[32mGiven &amp#27;[0m&amp#27;[32mthe site base URL is &amp#27;[0m&amp#27;[32m&amp#27;[1m"https://westfloridaahec.org"&amp#27;[0m &amp#27;[90m# StepDefinations.CapstoneHomePageSteps.the_site_base_url_is(java.lang.String)&amp#27;[0m
  &amp#27;[32mGiven &amp#27;[0m&amp#27;[32mthe user is on the Home page&amp#27;[0m                       &amp#27;[90m# StepDefinations.CapstoneHomePageSteps.the_user_is_on_the_home_page()&amp#27;[0m
  &amp#27;[32mWhen &amp#27;[0m&amp#27;[32mthe user hovers over the &amp#27;[0m&amp#27;[32m&amp#27;[1m"Programs"&amp#27;[0m&amp#27;[32m menu&amp#27;[0m            &amp#27;[90m# StepDefinations.CapstoneHomePageSteps.the_user_hovers_over_the_menu(java.lang.String)&amp#27;[0m
  &amp#27;[31mThen &amp#27;[0m&amp#27;[31mthe &amp#27;[0m&amp#27;[31m&amp#27;[1m"Tobacco"&amp#27;[0m&amp#27;[31m link should be visible under Programs&amp#27;[0m &amp#27;[90m# StepDefinations.CapstoneHomePageSteps.the_link_should_be_visible_under_programs(java.lang.String)&amp#27;[0m
      &amp#27;[31mjava.lang.AssertionError: Tobacco should be visible under Programs expected [true] but found [false]
	at org.testng.Assert.fail(Assert.java:111)
	at org.testng.Assert.failNotEquals(Assert.java:1578)
	at org.testng.Assert.assertTrue(Assert.java:57)
	at StepDefinations.CapstoneHomePageSteps.the_link_should_be_visible_under_programs(CapstoneHomePageSteps.java:135)
	at ✽.the "Tobacco" link should be visible under Programs(file:///Users/siddhantshrivastav/Desktop/Capstone_Project/BDD/src/test/resources/Features/Capstone_HomePage.feature:42)
&amp#27;[0m

    Embedding Failed Screenshot [image/png 65169 bytes]

Browser closed after the scenario
]]></system-out>
    <system-err><![CDATA[Sept 08, 2025 3:57:30 AM org.openqa.selenium.devtools.CdpVersionFinder findNearestMatch
WARNING: Unable to find an exact match for CDP version 139, returning the closest version; found: 135; Please update to a Selenium version that supports CDP version 139
]]></system-err>
  </testcase>
  <testcase name="runScenario[&quot;Health programs are listed under Programs&quot;, &quot;Home page and Account flows&quot;](5)" classname="TestRunner.MyTestRunner" time="60.626">
    <system-out><![CDATA[
@programs
Scenario: Health programs are listed under Programs        &amp#27;[90m# src/test/resources/Features/Capstone_HomePage.feature:45&amp#27;[0m
Browser launched before scenario
  &amp#27;[32mGiven &amp#27;[0m&amp#27;[32mthe site base URL is &amp#27;[0m&amp#27;[32m&amp#27;[1m"https://westfloridaahec.org"&amp#27;[0m &amp#27;[90m# StepDefinations.CapstoneHomePageSteps.the_site_base_url_is(java.lang.String)&amp#27;[0m
  &amp#27;[32mGiven &amp#27;[0m&amp#27;[32mthe user is on the Home page&amp#27;[0m                       &amp#27;[90m# StepDefinations.CapstoneHomePageSteps.the_user_is_on_the_home_page()&amp#27;[0m
  &amp#27;[32mWhen &amp#27;[0m&amp#27;[32mthe user expands the Programs menu&amp#27;[0m                  &amp#27;[90m# StepDefinations.CapstoneHomePageSteps.the_user_expands_the_programs_menu()&amp#27;[0m
  &amp#27;[32mThen &amp#27;[0m&amp#27;[32mthe following program links should be visible:&amp#27;[0m      &amp#27;[90m# StepDefinations.CapstoneHomePageSteps.the_following_program_links_should_be_visible(io.cucumber.datatable.DataTable)&amp#27;[0m
    | Tobacco          |
    | AHEC Scholars    |
    | Healthy Aging    |
    | Covering Florida |
Browser closed after the scenario
]]></system-out>
    <system-err><![CDATA[Sept 08, 2025 3:58:59 AM org.openqa.selenium.devtools.CdpVersionFinder findNearestMatch
WARNING: Unable to find an exact match for CDP version 139, returning the closest version; found: 135; Please update to a Selenium version that supports CDP version 139
]]></system-err>
  </testcase>
  <testcase name="runScenario[&quot;At least one expected resource link is present on Home page&quot;, &quot;Home page and Account flows&quot;](6)" classname="TestRunner.MyTestRunner" time="49.492">
    <system-out><![CDATA[
@resources
Scenario: At least one expected resource link is present on Home page &amp#27;[90m# src/test/resources/Features/Capstone_HomePage.feature:55&amp#27;[0m
Browser launched before scenario
  &amp#27;[32mGiven &amp#27;[0m&amp#27;[32mthe site base URL is &amp#27;[0m&amp#27;[32m&amp#27;[1m"https://westfloridaahec.org"&amp#27;[0m            &amp#27;[90m# StepDefinations.CapstoneHomePageSteps.the_site_base_url_is(java.lang.String)&amp#27;[0m
  &amp#27;[32mGiven &amp#27;[0m&amp#27;[32mthe user is on the Home page&amp#27;[0m                                  &amp#27;[90m# StepDefinations.CapstoneHomePageSteps.the_user_is_on_the_home_page()&amp#27;[0m
  &amp#27;[32mThen &amp#27;[0m&amp#27;[32mat least one resource link from the list should be visible:&amp#27;[0m    &amp#27;[90m# StepDefinations.CapstoneHomePageSteps.at_least_one_resource_link_from_the_list_should_be_visible(io.cucumber.datatable.DataTable)&amp#27;[0m
    | Contact Us  |
    | News        |
    | CPR Classes |
    | Shop        |
    | Home        |
Browser closed after the scenario
]]></system-out>
    <system-err><![CDATA[Sept 08, 2025 4:00:01 AM org.openqa.selenium.devtools.CdpVersionFinder findNearestMatch
WARNING: Unable to find an exact match for CDP version 139, returning the closest version; found: 135; Please update to a Selenium version that supports CDP version 139
]]></system-err>
  </testcase>
  <testcase name="runScenario[&quot;Search returns results for a query&quot;, &quot;Home page and Account flows&quot;](7)" classname="TestRunner.MyTestRunner" time="86.068">
    <system-out><![CDATA[
@search
Scenario: Search returns results for a query                &amp#27;[90m# src/test/resources/Features/Capstone_HomePage.feature:65&amp#27;[0m
Browser launched before scenario
  &amp#27;[32mGiven &amp#27;[0m&amp#27;[32mthe site base URL is &amp#27;[0m&amp#27;[32m&amp#27;[1m"https://westfloridaahec.org"&amp#27;[0m  &amp#27;[90m# StepDefinations.CapstoneHomePageSteps.the_site_base_url_is(java.lang.String)&amp#27;[0m
  &amp#27;[32mGiven &amp#27;[0m&amp#27;[32mthe user is on the Home page&amp#27;[0m                        &amp#27;[90m# StepDefinations.CapstoneHomePageSteps.the_user_is_on_the_home_page()&amp#27;[0m
  &amp#27;[32mWhen &amp#27;[0m&amp#27;[32mthe user searches for &amp#27;[0m&amp#27;[32m&amp#27;[1m"tobacco"&amp#27;[0m                      &amp#27;[90m# StepDefinations.CapstoneHomePageSteps.the_user_searches_for(java.lang.String)&amp#27;[0m
  &amp#27;[32mThen &amp#27;[0m&amp#27;[32mthe search results should contain the term &amp#27;[0m&amp#27;[32m&amp#27;[1m"tobacco"&amp#27;[0m &amp#27;[90m# StepDefinations.CapstoneHomePageSteps.the_search_results_should_contain_the_term(java.lang.String)&amp#27;[0m
Browser closed after the scenario
]]></system-out>
    <system-err><![CDATA[Sept 08, 2025 4:00:51 AM org.openqa.selenium.devtools.CdpVersionFinder findNearestMatch
WARNING: Unable to find an exact match for CDP version 139, returning the closest version; found: 135; Please update to a Selenium version that supports CDP version 139
]]></system-err>
  </testcase>
</testsuite>