<?xml version="1.0" encoding="UTF-8"?>
<!-- Generated by org.testng.reporters.JUnitReportReporter -->
<testsuite hostname="LAPTOP-E0GIFP79" failures="0" tests="6" name="labsession_19_08.loginTest" time="38.979" errors="0" timestamp="2025-08-19T14:18:55 IST" skipped="0">
  <testcase classname="labsession_19_08.loginTest" name="testcase2" time="0.002"/>
  <testcase classname="labsession_19_08.loginTest" name="testcase3" time="0.004"/>
  <testcase classname="labsession_19_08.loginTest" name="negativePasswordTest" time="12.527"/>
  <testcase classname="labsession_19_08.loginTest" name="positiveLoginTest" time="13.950"/>
  <testcase classname="labsession_19_08.loginTest" name="negativeUsernameTest" time="12.490"/>
  <testcase classname="labsession_19_08.loginTest" name="testcase1" time="0.006"/>
</testsuite> <!-- labsession_19_08.loginTest -->
