<?xml version="1.0" encoding="UTF-8"?>
<!-- Generated by org.testng.reporters.JUnitReportReporter -->
<testsuite hostname="LAPTOP-E0GIFP79" failures="0" tests="2" name="TestNG_Selenium_Frame_19_08.TestNGLogin" time="23.460" errors="0" timestamp="2025-08-20T10:38:07 IST" skipped="0">
  <testcase classname="TestNG_Selenium_Frame_19_08.TestNGLogin" name="launchbrowser" time="10.426"/>
  <testcase classname="TestNG_Selenium_Frame_19_08.TestNGLogin" name="login" time="13.034"/>
</testsuite> <!-- TestNG_Selenium_Frame_19_08.TestNGLogin -->
