<?xml version="1.0" encoding="UTF-8"?>
<!-- Generated by org.testng.reporters.JUnitReportReporter -->
<testsuite hostname="LAPTOP-E0GIFP79" failures="0" tests="1" name="FetchfromDatabase.TestDataBaseTest" time="195.181" errors="0" timestamp="2025-08-20T11:56:21 IST" skipped="0">
  <testcase classname="FetchfromDatabase.TestDataBaseTest" name="readfromDBTest" time="195.181"/>
</testsuite> <!-- FetchfromDatabase.TestDataBaseTest -->
