<?xml version="1.0" encoding="UTF-8"?>
<!-- Generated by org.testng.reporters.JUnitReportReporter -->
<testsuite hostname="LAPTOP-E0GIFP79" failures="0" tests="2" name="TestNG.TestNGMultipleTestcases" time="22.291" errors="0" timestamp="2025-08-23T12:44:44 IST" skipped="0">
  <testcase classname="TestNG.TestNGMultipleTestcases" name="Alert" time="15.365"/>
  <testcase classname="TestNG.TestNGMultipleTestcases" name="launchbrowser" time="6.926"/>
</testsuite> <!-- TestNG.TestNGMultipleTestcases -->
