<?xml version="1.0" encoding="UTF-8"?>
<!-- Generated by org.testng.reporters.JUnitReportReporter -->
<testsuite hostname="LAPTOP-E0GIFP79" failures="0" tests="2" name="Healthtest.testone" time="10.806" errors="0" timestamp="2025-08-31T20:19:58 IST" skipped="0">
  <testcase classname="Healthtest.testone" name="openWebsite" time="5.563"/>
  <testcase classname="Healthtest.testone" name="searchTest" time="5.243"/>
</testsuite> <!-- Healthtest.testone -->
