<?xml version="1.0" encoding="UTF-8"?>
<!-- Generated by org.testng.reporters.JUnitReportReporter -->
<testsuite hostname="LAPTOP-E0GIFP79" failures="0" tests="1" name="TestNG.TestNGLaunchBrowser" time="6.872" errors="0" timestamp="2025-08-16T14:25:05 IST" skipped="0">
  <testcase classname="TestNG.TestNGLaunchBrowser" name="launchbrowser" time="6.872"/>
</testsuite> <!-- TestNG.TestNGLaunchBrowser -->
