<?xml version="1.0" encoding="UTF-8"?>
<!-- Generated by org.testng.reporters.JUnitReportReporter -->
<testsuite hostname="LAPTOP-E0GIFP79" failures="0" tests="4" name="TestNG.TestNGPriority" time="41.479" errors="0" timestamp="2025-08-23T12:11:31 IST" skipped="0">
  <testcase classname="TestNG.TestNGPriority" name="testdragdrop" time="8.175"/>
  <testcase classname="TestNG.TestNGPriority" name="radiobuttons" time="7.991"/>
  <testcase classname="TestNG.TestNGPriority" name="testcheckbox" time="5.465"/>
  <testcase classname="TestNG.TestNGPriority" name="testalerts" time="19.848"/>
</testsuite> <!-- TestNG.TestNGPriority -->
