<?xml version="1.0" encoding="UTF-8"?>
<!-- Generated by org.testng.reporters.JUnitReportReporter -->
<testsuite hostname="LAPTOP-E0GIFP79" failures="0" tests="1" name="labsession_19_08.AddtoCart_Ex" time="26.031" errors="0" timestamp="2025-08-19T13:24:08 IST" skipped="0">
  <testcase classname="labsession_19_08.AddtoCart_Ex" name="cart" time="26.031"/>
</testsuite> <!-- labsession_19_08.AddtoCart_Ex -->
