<?xml version="1.0" encoding="UTF-8"?>
<!-- Generated by org.testng.reporters.JUnitReportReporter -->
<testsuite hostname="LAPTOP-E0GIFP79" failures="0" tests="3" name="TestNG.TestNGGroups" time="0.018" errors="0" timestamp="2025-08-16T16:32:15 IST" skipped="0">
  <testcase classname="TestNG.TestNGGroups" name="testcase1" time="0.015"/>
  <testcase classname="TestNG.TestNGGroups" name="testcase2" time="0.001"/>
  <testcase classname="TestNG.TestNGGroups" name="testcase4" time="0.002"/>
</testsuite> <!-- TestNG.TestNGGroups -->
