<?xml version="1.0" encoding="UTF-8"?>
<!-- Generated by org.testng.reporters.JUnitReportReporter -->
<testsuite hostname="LAPTOP-E0GIFP79" failures="0" tests="3" name="labsession_18_08.LabAssignment3" time="42.643" errors="0" timestamp="2025-08-19T15:14:54 IST" skipped="0">
  <testcase classname="labsession_18_08.LabAssignment3" name="positiveLoginTest" time="15.894"/>
  <testcase classname="labsession_18_08.LabAssignment3" name="negativeUsernameTest" time="13.450"/>
  <testcase classname="labsession_18_08.LabAssignment3" name="negativePasswordTest" time="13.299"/>
</testsuite> <!-- labsession_18_08.LabAssignment3 -->
