<?xml version="1.0" encoding="UTF-8"?>
<!-- Generated by org.testng.reporters.JUnitReportReporter -->
<testsuite hostname="LAPTOP-E0GIFP79" failures="0" tests="2" name="TestNG.TestNGSkipTestCases" time="8.455" errors="0" timestamp="2025-08-23T10:56:00 IST" skipped="1">
  <testcase classname="TestNG.TestNGSkipTestCases" name="launchbrowser" time="8.455"/>
  <testcase classname="TestNG.TestNGSkipTestCases" name="login">
    <skipped/>
  </testcase> <!-- login -->
</testsuite> <!-- TestNG.TestNGSkipTestCases -->
