<?xml version="1.0" encoding="UTF-8"?>
<!-- Generated by org.testng.reporters.JUnitReportReporter -->
<testsuite hostname="LAPTOP-E0GIFP79" failures="0" tests="2" name="labsession_16_08.GroupTest2" time="0.018" errors="0" timestamp="2025-08-23T11:55:37 IST" skipped="0">
  <testcase classname="labsession_16_08.GroupTest2" name="createUser" time="0.016"/>
  <testcase classname="labsession_16_08.GroupTest2" name="viewUser" time="0.002"/>
</testsuite> <!-- labsession_16_08.GroupTest2 -->
