<?xml version="1.0" encoding="UTF-8"?>
<!-- Generated by org.testng.reporters.JUnitReportReporter -->
<testsuite hostname="LAPTOP-E0GIFP79" failures="0" tests="1" name="TestNG_Selenium_Frame_19_08.ExcelRead" time="6.063" errors="0" timestamp="2025-08-19T17:13:15 IST" skipped="0">
  <testcase classname="TestNG_Selenium_Frame_19_08.ExcelRead" name="login" time="6.063"/>
</testsuite> <!-- TestNG_Selenium_Frame_19_08.ExcelRead -->
