<?xml version="1.0" encoding="UTF-8"?>
<!-- Generated by org.testng.reporters.JUnitReportReporter -->
<testsuite hostname="LAPTOP-E0GIFP79" failures="0" tests="1" name="TestNG_Selenium_Frame_19_08.TestNG_ListenerTestcase" time="16.861" errors="0" timestamp="2025-08-19T11:35:47 IST" skipped="0">
  <testcase classname="TestNG_Selenium_Frame_19_08.TestNG_ListenerTestcase" name="testlogin" time="16.861"/>
</testsuite> <!-- TestNG_Selenium_Frame_19_08.TestNG_ListenerTestcase -->
