<?xml version="1.0" encoding="UTF-8"?>
<!-- Generated by org.testng.reporters.JUnitReportReporter -->
<testsuite hostname="LAPTOP-E0GIFP79" failures="0" tests="3" name="TestNG_Selenium_Frame_19_08.TestNGAnnotations" time="0.012" errors="0" timestamp="2025-08-19T10:52:15 IST" skipped="0">
  <testcase classname="TestNG_Selenium_Frame_19_08.TestNGAnnotations" name="testcase3" time="0.002"/>
  <testcase classname="TestNG_Selenium_Frame_19_08.TestNGAnnotations" name="testcase1" time="0.007"/>
  <testcase classname="TestNG_Selenium_Frame_19_08.TestNGAnnotations" name="testcase2" time="0.003"/>
</testsuite> <!-- TestNG_Selenium_Frame_19_08.TestNGAnnotations -->
