<?xml version="1.0" encoding="UTF-8"?>
<!-- Generated by org.testng.reporters.JUnitReportReporter -->
<testsuite hostname="LAPTOP-E0GIFP79" failures="0" tests="3" name="labsession_19_08.LabAssignment3" time="21.975" errors="0" timestamp="2025-08-19T15:21:05 IST" skipped="0">
  <testcase classname="labsession_19_08.LabAssignment3" name="positiveLoginTest" time="10.986"/>
  <testcase classname="labsession_19_08.LabAssignment3" name="negativeUsernameTest" time="6.084"/>
  <testcase classname="labsession_19_08.LabAssignment3" name="negativePasswordTest" time="4.905"/>
</testsuite> <!-- labsession_19_08.LabAssignment3 -->
