<?xml version="1.0" encoding="UTF-8"?>
<!-- Generated by org.testng.reporters.JUnitReportReporter -->
<testsuite hostname="LAPTOP-E0GIFP79" failures="0" tests="2" name="TestNG.TestNGDependency" time="19.849" errors="0" timestamp="2025-08-16T16:32:15 IST" skipped="0">
  <testcase classname="TestNG.TestNGDependency" name="testcheckbox" time="5.540"/>
  <testcase classname="TestNG.TestNGDependency" name="login" time="14.309"/>
</testsuite> <!-- TestNG.TestNGDependency -->
