<?xml version="1.0" encoding="UTF-8"?>
<!-- Generated by org.testng.reporters.JUnitReportReporter -->
<testsuite hostname="LAPTOP-E0GIFP79" failures="0" tests="2" name="TestNG.TestNGMultipleTestcases" time="20.432" errors="0" timestamp="2025-08-23T12:47:17 IST" skipped="0">
  <testcase classname="TestNG.TestNGMultipleTestcases" name="launchbrowser" time="5.962"/>
  <testcase classname="TestNG.TestNGMultipleTestcases" name="Alert" time="14.470"/>
</testsuite> <!-- TestNG.TestNGMultipleTestcases -->
