<?xml version="1.0" encoding="UTF-8"?>
<!-- Generated by org.testng.reporters.JUnitReportReporter -->
<testsuite hostname="LAPTOP-E0GIFP79" failures="0" tests="2" name="labsession_16_08.GroupTest2" time="0.006" errors="0" timestamp="2025-08-23T12:44:08 IST" skipped="0">
  <testcase classname="labsession_16_08.GroupTest2" name="createUser" time="0.006"/>
  <testcase classname="labsession_16_08.GroupTest2" name="viewUser" time="0.000"/>
</testsuite> <!-- labsession_16_08.GroupTest2 -->
