<?xml version="1.0" encoding="UTF-8"?>
<!-- Generated by org.testng.reporters.JUnitReportReporter -->
<testsuite hostname="LAPTOP-E0GIFP79" failures="0" tests="9" name="Healthtest_Capstone_Project_Wipro.WestFlorida_human" time="176.311" errors="0" timestamp="2025-09-08T07:18:35 IST" skipped="0">
  <testcase classname="Healthtest_Capstone_Project_Wipro.WestFlorida_human" name="openWebsite" time="3.147"/>
  <testcase classname="Healthtest_Capstone_Project_Wipro.WestFlorida_human" name="searchAndNavigate" time="4.812"/>
  <testcase classname="Healthtest_Capstone_Project_Wipro.WestFlorida_human" name="homePageNavigationTests" time="20.533"/>
  <testcase classname="Healthtest_Capstone_Project_Wipro.WestFlorida_human" name="tobaccoProgramTest" time="4.756"/>
  <testcase classname="Healthtest_Capstone_Project_Wipro.WestFlorida_human" name="ahecScholarsProgramTest" time="112.089"/>
  <testcase classname="Healthtest_Capstone_Project_Wipro.WestFlorida_human" name="healthyAgingProgramTest" time="9.647"/>
  <testcase classname="Healthtest_Capstone_Project_Wipro.WestFlorida_human" name="coveringFloridaProgramTest" time="14.867"/>
  <testcase classname="Healthtest_Capstone_Project_Wipro.WestFlorida_human" name="communityBasedEducationTest" time="4.034"/>
  <testcase classname="Healthtest_Capstone_Project_Wipro.WestFlorida_human" name="continuingEducationServiceTest" time="2.426"/>
</testsuite> <!-- Healthtest_Capstone_Project_Wipro.WestFlorida_human -->
