<?xml version="1.0" encoding="UTF-8"?>
<!-- Generated by org.testng.reporters.JUnitReportReporter -->
<testsuite hostname="LAPTOP-E0GIFP79" failures="0" tests="8" name="TestRunner.MyTestRunner" time="79.607" errors="0" timestamp="2025-09-09T09:43:08 IST" skipped="0">
  <testcase classname="TestRunner.MyTestRunner" name="runScenario" time="18.581"/>
  <testcase classname="TestRunner.MyTestRunner" name="runScenario" time="5.430"/>
  <testcase classname="TestRunner.MyTestRunner" name="runScenario" time="5.819"/>
  <testcase classname="TestRunner.MyTestRunner" name="runScenario" time="6.758"/>
  <testcase classname="TestRunner.MyTestRunner" name="runScenario" time="15.192"/>
  <testcase classname="TestRunner.MyTestRunner" name="runScenario" time="5.070"/>
  <testcase classname="TestRunner.MyTestRunner" name="runScenario" time="4.816"/>
  <testcase classname="TestRunner.MyTestRunner" name="runScenario" time="17.941"/>
</testsuite> <!-- TestRunner.MyTestRunner -->
